<?xml version="1.0" encoding="UTF-8"?>
<!-- Generated by org.testng.reporters.JUnitXMLReporter -->
<testsuite ignored="0" hostname="DESKTOP-PLMGCHD" failures="2" tests="3" name="Test" time="34.237" errors="0" timestamp="2022-09-24T14:23:01 IST">
  <testcase classname="com.iris22a.ProductTest" name="verifyCategryListForTopwear" time="5.699">
    <failure type="java.lang.NullPointerException" message="Cannot invoke &amp;quot;String.split(String)&amp;quot; because the return value of &amp;quot;com.iris22a.utils.PropUtils.getValue(String, String)&amp;quot; is null">
      <![CDATA[java.lang.NullPointerException: Cannot invoke "String.split(String)" because the return value of "com.iris22a.utils.PropUtils.getValue(String, String)" is null
at com.iris22a.utils.PropUtils.getLocator(PropUtils.java:35)
at com.iris22a.ProductTest.verifyCategryListForTopwear(ProductTest.java:52)
at java.base/java.util.ArrayList.forEach(ArrayList.java:1511)
... Removed 25 stack frames]]>
    </failure>
  </testcase> <!-- verifyCategryListForTopwear -->
  <testcase classname="com.iris22a.ProductTest" name="verifySerchResultForPoloMen" time="10.181">
    <failure type="java.lang.AssertionError" message=" product title  doesnt contain polo men it contains:- berry blues expected [true] but found [false]">
      <![CDATA[java.lang.AssertionError:  product title  doesnt contain polo men it contains:- berry blues expected [true] but found [false]
at com.iris22a.ProductTest.verifySerchResultForPoloMen(ProductTest.java:32)
at java.base/java.util.ArrayList.forEach(ArrayList.java:1511)
... Removed 28 stack frames]]>
    </failure>
  </testcase> <!-- verifySerchResultForPoloMen -->
  <testcase classname="com.iris22a.MenTShirtTest" name="verifySearchResultByPopularity" time="7.093"/>
</testsuite> <!-- Test -->
