<?xml version="1.0" encoding="UTF-8"?>
<!-- Generated by org.testng.reporters.JUnitXMLReporter -->
<testsuite ignored="0" hostname="KrishnaPC" failures="2" tests="3" name="Test" time="33.637" errors="0" timestamp="2022-09-03T11:32:49 IST">
  <testcase classname="com.iris22a.ProductTest" name="verifyCategryListForTopwear" time="4.372">
    <failure type="java.lang.NullPointerException" message="Cannot invoke &amp;quot;String.split(String)&amp;quot; because the return value of &amp;quot;com.iris22a.utils.PropUtils.getValue(String, String)&amp;quot; is null">
      <![CDATA[java.lang.NullPointerException: Cannot invoke "String.split(String)" because the return value of "com.iris22a.utils.PropUtils.getValue(String, String)" is null
at com.iris22a.utils.PropUtils.getLocator(PropUtils.java:35)
at com.iris22a.ProductTest.verifyCategryListForTopwear(ProductTest.java:52)
at java.base/java.util.ArrayList.forEach(ArrayList.java:1511)
... Removed 25 stack frames]]>
    </failure>
  </testcase> <!-- verifyCategryListForTopwear -->
  <testcase classname="com.iris22a.ProductTest" name="verifySerchResultForPoloMen" time="9.604">
    <failure type="java.lang.AssertionError" message=" product title  doesnt contain polo men it contains:- Louis Philippe Sport expected [true] but found [false]">
      <![CDATA[java.lang.AssertionError:  product title  doesnt contain polo men it contains:- Louis Philippe Sport expected [true] but found [false]
at com.iris22a.ProductTest.verifySerchResultForPoloMen(ProductTest.java:32)
at java.base/java.util.ArrayList.forEach(ArrayList.java:1511)
... Removed 28 stack frames]]>
    </failure>
  </testcase> <!-- verifySerchResultForPoloMen -->
  <testcase classname="com.iris22a.MenTShirtTest" name="verifySearchResultByPopularity" time="10.598"/>
</testsuite> <!-- Test -->
