<?xml version="1.0" encoding="UTF-8"?>
<testng-results ignored="1" total="2" passed="1" failed="0" skipped="0">
  <reporter-output>
  </reporter-output>
  <suite started-at="2022-08-04T14:49:40 IST" name="Default suite" finished-at="2022-08-04T14:50:01 IST" duration-ms="21152">
    <groups>
    </groups>
    <test started-at="2022-08-04T14:49:40 IST" name="Default test" finished-at="2022-08-04T14:50:01 IST" duration-ms="21152">
      <class name="com.iris22a.ProductTest">
        <test-method is-config="true" signature="setUp(java.lang.String)[pri:0, instance:com.iris22a.ProductTest@72c8e7b]" started-at="2022-08-04T14:49:40 IST" name="setUp" finished-at="2022-08-04T14:49:45 IST" duration-ms="4623" status="PASS">
          <params>
            <param index="0">
              <value is-null="true"/>
            </param>
          </params>
          <reporter-output>
          </reporter-output>
        </test-method> <!-- setUp -->
        <test-method signature="verifyCategryListForTopwear()[pri:0, instance:com.iris22a.ProductTest@72c8e7b]" started-at="2022-08-04T14:49:45 IST" name="verifyCategryListForTopwear" finished-at="2022-08-04T14:50:01 IST" duration-ms="16158" status="PASS">
          <reporter-output>
          </reporter-output>
        </test-method> <!-- verifyCategryListForTopwear -->
        <test-method is-config="true" signature="tearDown()[pri:0, instance:com.iris22a.ProductTest@72c8e7b]" started-at="2022-08-04T14:50:01 IST" name="tearDown" finished-at="2022-08-04T14:50:01 IST" duration-ms="291" status="PASS">
          <reporter-output>
          </reporter-output>
        </test-method> <!-- tearDown -->
      </class> <!-- com.iris22a.ProductTest -->
    </test> <!-- Default test -->
  </suite> <!-- Default suite -->
</testng-results>
