<?xml version="1.0" encoding="UTF-8"?>
<testng-results ignored="5" total="6" passed="1" failed="0" skipped="0">
  <reporter-output>
  </reporter-output>
  <suite started-at="2022-08-22T20:27:49 IST" name="Default suite" finished-at="2022-08-22T20:28:00 IST" duration-ms="10484">
    <groups>
    </groups>
    <test started-at="2022-08-22T20:27:49 IST" name="Default test" finished-at="2022-08-22T20:28:00 IST" duration-ms="10484">
      <class name="com.iris22a.mentests.MenProducts">
        <test-method is-config="true" signature="setUp(java.lang.String)[pri:0, instance:com.iris22a.mentests.MenProducts@68c9d179]" started-at="2022-08-22T20:27:49 IST" name="setUp" finished-at="2022-08-22T20:27:52 IST" duration-ms="2557" status="PASS">
          <params>
            <param index="0">
              <value is-null="true"/>
            </param>
          </params>
          <reporter-output>
          </reporter-output>
        </test-method> <!-- setUp -->
        <test-method signature="verifyClickCasualshirts()[pri:0, instance:com.iris22a.mentests.MenProducts@68c9d179]" started-at="2022-08-22T20:27:52 IST" name="verifyClickCasualshirts" finished-at="2022-08-22T20:27:57 IST" duration-ms="5416" status="PASS">
          <reporter-output>
          </reporter-output>
        </test-method> <!-- verifyClickCasualshirts -->
        <test-method is-config="true" signature="tearDown()[pri:0, instance:com.iris22a.mentests.MenProducts@68c9d179]" started-at="2022-08-22T20:27:57 IST" name="tearDown" finished-at="2022-08-22T20:28:00 IST" duration-ms="2472" status="PASS">
          <reporter-output>
          </reporter-output>
        </test-method> <!-- tearDown -->
      </class> <!-- com.iris22a.mentests.MenProducts -->
    </test> <!-- Default test -->
  </suite> <!-- Default suite -->
</testng-results>
